  hash_table.c
c:\users\michal\documents\visual studio 2017\projects\cs 251 project 5 chicago crime lookup\cs 251 project 5 chicago crime lookup\hash_table.c(32): warning C4996: 'strtok': This function or variable may be unsafe. Consider using strtok_s instead. To disable deprecation, use _CRT_SECURE_NO_WARNINGS. See online help for details.
  c:\program files (x86)\windows kits\10\include\10.0.14393.0\ucrt\string.h(431): note: see declaration of 'strtok'
c:\users\michal\documents\visual studio 2017\projects\cs 251 project 5 chicago crime lookup\cs 251 project 5 chicago crime lookup\hash_table.c(35): warning C4996: 'strtok': This function or variable may be unsafe. Consider using strtok_s instead. To disable deprecation, use _CRT_SECURE_NO_WARNINGS. See online help for details.
  c:\program files (x86)\windows kits\10\include\10.0.14393.0\ucrt\string.h(431): note: see declaration of 'strtok'
c:\users\michal\documents\visual studio 2017\projects\cs 251 project 5 chicago crime lookup\cs 251 project 5 chicago crime lookup\hash_table.c(37): warning C4996: 'strcpy': This function or variable may be unsafe. Consider using strcpy_s instead. To disable deprecation, use _CRT_SECURE_NO_WARNINGS. See online help for details.
  c:\program files (x86)\windows kits\10\include\10.0.14393.0\ucrt\string.h(129): note: see declaration of 'strcpy'
c:\users\michal\documents\visual studio 2017\projects\cs 251 project 5 chicago crime lookup\cs 251 project 5 chicago crime lookup\hash_table.c(69): warning C4996: 'strtok': This function or variable may be unsafe. Consider using strtok_s instead. To disable deprecation, use _CRT_SECURE_NO_WARNINGS. See online help for details.
  c:\program files (x86)\windows kits\10\include\10.0.14393.0\ucrt\string.h(431): note: see declaration of 'strtok'
c:\users\michal\documents\visual studio 2017\projects\cs 251 project 5 chicago crime lookup\cs 251 project 5 chicago crime lookup\hash_table.c(70): warning C4996: 'strcpy': This function or variable may be unsafe. Consider using strcpy_s instead. To disable deprecation, use _CRT_SECURE_NO_WARNINGS. See online help for details.
  c:\program files (x86)\windows kits\10\include\10.0.14393.0\ucrt\string.h(129): note: see declaration of 'strcpy'
c:\users\michal\documents\visual studio 2017\projects\cs 251 project 5 chicago crime lookup\cs 251 project 5 chicago crime lookup\hash_table.c(72): warning C4996: 'strtok': This function or variable may be unsafe. Consider using strtok_s instead. To disable deprecation, use _CRT_SECURE_NO_WARNINGS. See online help for details.
  c:\program files (x86)\windows kits\10\include\10.0.14393.0\ucrt\string.h(431): note: see declaration of 'strtok'
c:\users\michal\documents\visual studio 2017\projects\cs 251 project 5 chicago crime lookup\cs 251 project 5 chicago crime lookup\hash_table.c(73): warning C4996: 'strcpy': This function or variable may be unsafe. Consider using strcpy_s instead. To disable deprecation, use _CRT_SECURE_NO_WARNINGS. See online help for details.
  c:\program files (x86)\windows kits\10\include\10.0.14393.0\ucrt\string.h(129): note: see declaration of 'strcpy'
c:\users\michal\documents\visual studio 2017\projects\cs 251 project 5 chicago crime lookup\cs 251 project 5 chicago crime lookup\hash_table.c(75): warning C4996: 'strtok': This function or variable may be unsafe. Consider using strtok_s instead. To disable deprecation, use _CRT_SECURE_NO_WARNINGS. See online help for details.
  c:\program files (x86)\windows kits\10\include\10.0.14393.0\ucrt\string.h(431): note: see declaration of 'strtok'
c:\users\michal\documents\visual studio 2017\projects\cs 251 project 5 chicago crime lookup\cs 251 project 5 chicago crime lookup\hash_table.c(76): warning C4996: 'strcpy': This function or variable may be unsafe. Consider using strcpy_s instead. To disable deprecation, use _CRT_SECURE_NO_WARNINGS. See online help for details.
  c:\program files (x86)\windows kits\10\include\10.0.14393.0\ucrt\string.h(129): note: see declaration of 'strcpy'
c:\users\michal\documents\visual studio 2017\projects\cs 251 project 5 chicago crime lookup\cs 251 project 5 chicago crime lookup\hash_table.c(78): warning C4996: 'strtok': This function or variable may be unsafe. Consider using strtok_s instead. To disable deprecation, use _CRT_SECURE_NO_WARNINGS. See online help for details.
  c:\program files (x86)\windows kits\10\include\10.0.14393.0\ucrt\string.h(431): note: see declaration of 'strtok'
c:\users\michal\documents\visual studio 2017\projects\cs 251 project 5 chicago crime lookup\cs 251 project 5 chicago crime lookup\hash_table.c(79): warning C4996: 'strtok': This function or variable may be unsafe. Consider using strtok_s instead. To disable deprecation, use _CRT_SECURE_NO_WARNINGS. See online help for details.
  c:\program files (x86)\windows kits\10\include\10.0.14393.0\ucrt\string.h(431): note: see declaration of 'strtok'
c:\users\michal\documents\visual studio 2017\projects\cs 251 project 5 chicago crime lookup\cs 251 project 5 chicago crime lookup\hash_table.c(80): warning C4996: 'strtok': This function or variable may be unsafe. Consider using strtok_s instead. To disable deprecation, use _CRT_SECURE_NO_WARNINGS. See online help for details.
  c:\program files (x86)\windows kits\10\include\10.0.14393.0\ucrt\string.h(431): note: see declaration of 'strtok'
c:\users\michal\documents\visual studio 2017\projects\cs 251 project 5 chicago crime lookup\cs 251 project 5 chicago crime lookup\hash_table.c(82): warning C4996: 'strtok': This function or variable may be unsafe. Consider using strtok_s instead. To disable deprecation, use _CRT_SECURE_NO_WARNINGS. See online help for details.
  c:\program files (x86)\windows kits\10\include\10.0.14393.0\ucrt\string.h(431): note: see declaration of 'strtok'
c:\users\michal\documents\visual studio 2017\projects\cs 251 project 5 chicago crime lookup\cs 251 project 5 chicago crime lookup\hash_table.c(85): warning C4996: 'strcpy': This function or variable may be unsafe. Consider using strcpy_s instead. To disable deprecation, use _CRT_SECURE_NO_WARNINGS. See online help for details.
  c:\program files (x86)\windows kits\10\include\10.0.14393.0\ucrt\string.h(129): note: see declaration of 'strcpy'
c:\users\michal\documents\visual studio 2017\projects\cs 251 project 5 chicago crime lookup\cs 251 project 5 chicago crime lookup\hash_table.c(120): warning C4101: 'first': unreferenced local variable
c:\users\michal\documents\visual studio 2017\projects\cs 251 project 5 chicago crime lookup\cs 251 project 5 chicago crime lookup\hash_table.c(149): warning C4244: 'initializing': conversion from '__int64' to 'long', possible loss of data
c:\users\michal\documents\visual studio 2017\projects\cs 251 project 5 chicago crime lookup\cs 251 project 5 chicago crime lookup\hash_table.c(180): warning C4996: 'strcpy': This function or variable may be unsafe. Consider using strcpy_s instead. To disable deprecation, use _CRT_SECURE_NO_WARNINGS. See online help for details.
  c:\program files (x86)\windows kits\10\include\10.0.14393.0\ucrt\string.h(129): note: see declaration of 'strcpy'
c:\users\michal\documents\visual studio 2017\projects\cs 251 project 5 chicago crime lookup\cs 251 project 5 chicago crime lookup\hash_table.c(181): warning C4996: 'strcpy': This function or variable may be unsafe. Consider using strcpy_s instead. To disable deprecation, use _CRT_SECURE_NO_WARNINGS. See online help for details.
  c:\program files (x86)\windows kits\10\include\10.0.14393.0\ucrt\string.h(129): note: see declaration of 'strcpy'
c:\users\michal\documents\visual studio 2017\projects\cs 251 project 5 chicago crime lookup\cs 251 project 5 chicago crime lookup\hash_table.c(182): warning C4996: 'strcpy': This function or variable may be unsafe. Consider using strcpy_s instead. To disable deprecation, use _CRT_SECURE_NO_WARNINGS. See online help for details.
  c:\program files (x86)\windows kits\10\include\10.0.14393.0\ucrt\string.h(129): note: see declaration of 'strcpy'
c:\users\michal\documents\visual studio 2017\projects\cs 251 project 5 chicago crime lookup\cs 251 project 5 chicago crime lookup\hash_table.c(184): warning C4996: 'strcpy': This function or variable may be unsafe. Consider using strcpy_s instead. To disable deprecation, use _CRT_SECURE_NO_WARNINGS. See online help for details.
  c:\program files (x86)\windows kits\10\include\10.0.14393.0\ucrt\string.h(129): note: see declaration of 'strcpy'
c:\users\michal\documents\visual studio 2017\projects\cs 251 project 5 chicago crime lookup\cs 251 project 5 chicago crime lookup\hash_table.c(213): warning C4244: '=': conversion from '__int64' to 'long', possible loss of data
  CS 251 Project 5 Chicago Crime Lookup.vcxproj -> C:\Users\Michal\documents\visual studio 2017\Projects\CS 251 Project 5 Chicago Crime Lookup\Debug\CS 251 Project 5 Chicago Crime Lookup.exe
  CS 251 Project 5 Chicago Crime Lookup.vcxproj -> C:\Users\Michal\documents\visual studio 2017\Projects\CS 251 Project 5 Chicago Crime Lookup\Debug\CS 251 Project 5 Chicago Crime Lookup.pdb (Partial PDB)
